<?xml version="1.0" encoding="UTF-8"?>
<!-- Generated by org.testng.reporters.JUnitXMLReporter -->
<testsuite hostname="DESKTOP-BFS0L6V" ignored="0" name="ChromeTest" tests="5" failures="2" timestamp="10 Aug 2020 06:48:18 GMT" time="384.45" errors="0">
  <testcase name="CheckTitel" time="0.219" classname="com.justdial.Grid.GridJustdialTest"/>
  <testcase name="LocationSetTest" time="2.322" classname="com.justdial.Grid.GridJustdialTest"/>
  <testcase name="SearchTest" time="31.093" classname="com.justdial.Grid.GridJustdialTest"/>
  <testcase name="RattingTest" time="3.092" classname="com.justdial.Grid.GridJustdialTest">
    <failure type="java.lang.AssertionError" message="expected [true] but found [false]">
      <![CDATA[java.lang.AssertionError: expected [true] but found [false]at com.justdial.Grid.GridJustdialTest.RattingTest(GridJustdialTest.java:155)... Removed 29 stack frames]]>
    </failure>
  </testcase> <!-- RattingTest -->
  <testcase name="SelectDataTest" time="286.204" classname="com.justdial.Grid.GridJustdialTest">
    <failure type="org.openqa.selenium.ElementClickInterceptedException" message="element click intercepted: Element &amp;lt;span class=&amp;quot;lng_cont_name&amp;quot;&amp;gt;...&amp;lt;/span&amp;gt; is not clickable at point (709, 638). Other element would receive the click: &amp;lt;div class=&amp;quot;b-modal __b-popup1__&amp;quot; style=&amp;quot;background-color: rgb(0, 0, 0); position: fixed; top: 0px; right: 0px; bottom: 0px; left: 0px; opacity: 0.8; z-index: 9998; cursor: pointer;&amp;quot;&amp;gt;&amp;lt;/div&amp;gt;
  (Session info: chrome=84.0.4147.105)
Build info: version: &amp;apos;3.141.5&amp;apos;, revision: &amp;apos;d54ebd709a&amp;apos;, time: &amp;apos;2018-11-06T11:42:16&amp;apos;
System info: host: &amp;apos;DESKTOP-BFS0L6V&amp;apos;, ip: &amp;apos;192.168.43.183&amp;apos;, os.name: &amp;apos;Windows 8.1&amp;apos;, os.arch: &amp;apos;amd64&amp;apos;, os.version: &amp;apos;6.3&amp;apos;, java.version: &amp;apos;1.8.0_31&amp;apos;
Driver info: org.openqa.selenium.remote.RemoteWebDriver
Capabilities {acceptInsecureCerts: false, browserName: chrome, browserVersion: 84.0.4147.105, chrome: {chromedriverVersion: 83.0.4103.39 (ccbf011cb2d2b..., userDataDir: C:\Users\ashwa\AppData\Loca...}, goog:chromeOptions: {debuggerAddress: localhost:53647}, javascriptEnabled: true, networkConnectionEnabled: false, pageLoadStrategy: normal, platform: WINDOWS, platformName: WINDOWS, proxy: Proxy(), setWindowRect: true, strictFileInteractability: false, timeouts: {implicit: 0, pageLoad: 300000, script: 30000}, unhandledPromptBehavior: dismiss and notify, webauthn:virtualAuthenticators: true, webdriver.remote.sessionid: a9d76e4dc7cfa6a15dba1b566e7...}
Session ID: a9d76e4dc7cfa6a15dba1b566e70e4f7">
      <![CDATA[org.openqa.selenium.ElementClickInterceptedException: element click intercepted: Element <span class="lng_cont_name">...</span> is not clickable at point (709, 638). Other element would receive the click: <div class="b-modal __b-popup1__" style="background-color: rgb(0, 0, 0); position: fixed; top: 0px; right: 0px; bottom: 0px; left: 0px; opacity: 0.8; z-index: 9998; cursor: pointer;"></div>  (Session info: chrome=84.0.4147.105)Build info: version: '3.141.5', revision: 'd54ebd709a', time: '2018-11-06T11:42:16'System info: host: 'DESKTOP-BFS0L6V', ip: '192.168.43.183', os.name: 'Windows 8.1', os.arch: 'amd64', os.version: '6.3', java.version: '1.8.0_31'Driver info: org.openqa.selenium.remote.RemoteWebDriverCapabilities {acceptInsecureCerts: false, browserName: chrome, browserVersion: 84.0.4147.105, chrome: {chromedriverVersion: 83.0.4103.39 (ccbf011cb2d2b..., userDataDir: C:\Users\ashwa\AppData\Loca...}, goog:chromeOptions: {debuggerAddress: localhost:53647}, javascriptEnabled: true, networkConnectionEnabled: false, pageLoadStrategy: normal, platform: WINDOWS, platformName: WINDOWS, proxy: Proxy(), setWindowRect: true, strictFileInteractability: false, timeouts: {implicit: 0, pageLoad: 300000, script: 30000}, unhandledPromptBehavior: dismiss and notify, webauthn:virtualAuthenticators: true, webdriver.remote.sessionid: a9d76e4dc7cfa6a15dba1b566e7...}Session ID: a9d76e4dc7cfa6a15dba1b566e70e4f7at org.openqa.selenium.remote.http.W3CHttpResponseCodec.createException(W3CHttpResponseCodec.java:187)at org.openqa.selenium.remote.http.W3CHttpResponseCodec.decode(W3CHttpResponseCodec.java:122)at org.openqa.selenium.remote.http.W3CHttpResponseCodec.decode(W3CHttpResponseCodec.java:49)at org.openqa.selenium.remote.HttpCommandExecutor.execute(HttpCommandExecutor.java:158)at org.openqa.selenium.remote.RemoteWebDriver.execute(RemoteWebDriver.java:552)at org.openqa.selenium.remote.RemoteWebElement.execute(RemoteWebElement.java:285)at org.openqa.selenium.remote.RemoteWebElement.click(RemoteWebElement.java:84)at mainpackage.SelectData.Counter(SelectData.java:68)at com.justdial.Grid.GridJustdialTest.SelectDataTest(GridJustdialTest.java:165)... Removed 29 stack frames]]>
    </failure>
  </testcase> <!-- SelectDataTest -->
</testsuite> <!-- ChromeTest -->
