<?xml version="1.0" encoding="UTF-8"?>
<!-- Generated by org.testng.reporters.JUnitXMLReporter -->
<testsuite hostname="DESKTOP-BFS0L6V" ignored="0" name="FirefoxTest" tests="5" failures="2" timestamp="10 Aug 2020 06:52:14 GMT" time="235.364" errors="0">
  <testcase name="CheckTitel" time="0.039" classname="com.justdial.Grid.GridJustdialTest"/>
  <testcase name="LocationSetTest" time="6.692" classname="com.justdial.Grid.GridJustdialTest"/>
  <testcase name="SearchTest" time="47.928" classname="com.justdial.Grid.GridJustdialTest"/>
  <testcase name="RattingTest" time="0.748" classname="com.justdial.Grid.GridJustdialTest">
    <failure type="org.openqa.selenium.ElementClickInterceptedException" message="Element &amp;lt;span class=&amp;quot;lng_srtfltr&amp;quot;&amp;gt; is not clickable at point (994,227) because another element &amp;lt;p&amp;gt; obscures it
Build info: version: &amp;apos;3.141.5&amp;apos;, revision: &amp;apos;d54ebd709a&amp;apos;, time: &amp;apos;2018-11-06T11:42:16&amp;apos;
System info: host: &amp;apos;DESKTOP-BFS0L6V&amp;apos;, ip: &amp;apos;192.168.43.183&amp;apos;, os.name: &amp;apos;Windows 8.1&amp;apos;, os.arch: &amp;apos;amd64&amp;apos;, os.version: &amp;apos;6.3&amp;apos;, java.version: &amp;apos;1.8.0_31&amp;apos;
Driver info: org.openqa.selenium.remote.RemoteWebDriver
Capabilities {acceptInsecureCerts: false, browserName: firefox, browserVersion: 79.0, javascriptEnabled: true, moz:accessibilityChecks: false, moz:buildID: 20200720193547, moz:geckodriverVersion: 0.26.0, moz:headless: false, moz:processID: 13420, moz:profile: C:\Users\ashwa\AppData\Loca..., moz:shutdownTimeout: 60000, moz:useNonSpecCompliantPointerOrigin: false, moz:webdriverClick: true, pageLoadStrategy: normal, platform: WINDOWS, platformName: WINDOWS, platformVersion: 10.0, rotatable: false, setWindowRect: true, strictFileInteractability: false, timeouts: {implicit: 0, pageLoad: 300000, script: 30000}, unhandledPromptBehavior: dismiss and notify, webdriver.remote.sessionid: 49addc7c-8f6e-4525-8ea8-7f4...}
Session ID: 49addc7c-8f6e-4525-8ea8-7f4b2d97f7c8">
      <![CDATA[org.openqa.selenium.ElementClickInterceptedException: Element <span class="lng_srtfltr"> is not clickable at point (994,227) because another element <p> obscures itBuild info: version: '3.141.5', revision: 'd54ebd709a', time: '2018-11-06T11:42:16'System info: host: 'DESKTOP-BFS0L6V', ip: '192.168.43.183', os.name: 'Windows 8.1', os.arch: 'amd64', os.version: '6.3', java.version: '1.8.0_31'Driver info: org.openqa.selenium.remote.RemoteWebDriverCapabilities {acceptInsecureCerts: false, browserName: firefox, browserVersion: 79.0, javascriptEnabled: true, moz:accessibilityChecks: false, moz:buildID: 20200720193547, moz:geckodriverVersion: 0.26.0, moz:headless: false, moz:processID: 13420, moz:profile: C:\Users\ashwa\AppData\Loca..., moz:shutdownTimeout: 60000, moz:useNonSpecCompliantPointerOrigin: false, moz:webdriverClick: true, pageLoadStrategy: normal, platform: WINDOWS, platformName: WINDOWS, platformVersion: 10.0, rotatable: false, setWindowRect: true, strictFileInteractability: false, timeouts: {implicit: 0, pageLoad: 300000, script: 30000}, unhandledPromptBehavior: dismiss and notify, webdriver.remote.sessionid: 49addc7c-8f6e-4525-8ea8-7f4...}Session ID: 49addc7c-8f6e-4525-8ea8-7f4b2d97f7c8at org.openqa.selenium.remote.http.W3CHttpResponseCodec.createException(W3CHttpResponseCodec.java:187)at org.openqa.selenium.remote.http.W3CHttpResponseCodec.decode(W3CHttpResponseCodec.java:122)at org.openqa.selenium.remote.http.W3CHttpResponseCodec.decode(W3CHttpResponseCodec.java:49)at org.openqa.selenium.remote.HttpCommandExecutor.execute(HttpCommandExecutor.java:158)at org.openqa.selenium.remote.RemoteWebDriver.execute(RemoteWebDriver.java:552)at org.openqa.selenium.remote.RemoteWebElement.execute(RemoteWebElement.java:285)at org.openqa.selenium.remote.RemoteWebElement.click(RemoteWebElement.java:84)at org.openqa.selenium.support.pagefactory.internal.LocatingElementHandler.invoke(LocatingElementHandler.java:51)at com.sun.proxy.$Proxy29.click(Unknown Source)at mainpackage.Rating.setRating(Rating.java:23)at com.justdial.Grid.GridJustdialTest.RattingTest(GridJustdialTest.java:136)... Removed 33 stack frames]]>
    </failure>
  </testcase> <!-- RattingTest -->
  <testcase name="SelectDataTest" time="0.307" classname="com.justdial.Grid.GridJustdialTest">
    <failure type="org.openqa.selenium.ElementClickInterceptedException" message="Element &amp;lt;span class=&amp;quot;lng_cont_name&amp;quot;&amp;gt; is not clickable at point (723,273) because another element &amp;lt;input id=&amp;quot;bd_email&amp;quot; class=&amp;quot;jinp&amp;quot; name=&amp;quot;email&amp;quot; type=&amp;quot;text&amp;quot;&amp;gt; obscures it
Build info: version: &amp;apos;3.141.5&amp;apos;, revision: &amp;apos;d54ebd709a&amp;apos;, time: &amp;apos;2018-11-06T11:42:16&amp;apos;
System info: host: &amp;apos;DESKTOP-BFS0L6V&amp;apos;, ip: &amp;apos;192.168.43.183&amp;apos;, os.name: &amp;apos;Windows 8.1&amp;apos;, os.arch: &amp;apos;amd64&amp;apos;, os.version: &amp;apos;6.3&amp;apos;, java.version: &amp;apos;1.8.0_31&amp;apos;
Driver info: org.openqa.selenium.remote.RemoteWebDriver
Capabilities {acceptInsecureCerts: false, browserName: firefox, browserVersion: 79.0, javascriptEnabled: true, moz:accessibilityChecks: false, moz:buildID: 20200720193547, moz:geckodriverVersion: 0.26.0, moz:headless: false, moz:processID: 13420, moz:profile: C:\Users\ashwa\AppData\Loca..., moz:shutdownTimeout: 60000, moz:useNonSpecCompliantPointerOrigin: false, moz:webdriverClick: true, pageLoadStrategy: normal, platform: WINDOWS, platformName: WINDOWS, platformVersion: 10.0, rotatable: false, setWindowRect: true, strictFileInteractability: false, timeouts: {implicit: 0, pageLoad: 300000, script: 30000}, unhandledPromptBehavior: dismiss and notify, webdriver.remote.sessionid: 49addc7c-8f6e-4525-8ea8-7f4...}
Session ID: 49addc7c-8f6e-4525-8ea8-7f4b2d97f7c8">
      <![CDATA[org.openqa.selenium.ElementClickInterceptedException: Element <span class="lng_cont_name"> is not clickable at point (723,273) because another element <input id="bd_email" class="jinp" name="email" type="text"> obscures itBuild info: version: '3.141.5', revision: 'd54ebd709a', time: '2018-11-06T11:42:16'System info: host: 'DESKTOP-BFS0L6V', ip: '192.168.43.183', os.name: 'Windows 8.1', os.arch: 'amd64', os.version: '6.3', java.version: '1.8.0_31'Driver info: org.openqa.selenium.remote.RemoteWebDriverCapabilities {acceptInsecureCerts: false, browserName: firefox, browserVersion: 79.0, javascriptEnabled: true, moz:accessibilityChecks: false, moz:buildID: 20200720193547, moz:geckodriverVersion: 0.26.0, moz:headless: false, moz:processID: 13420, moz:profile: C:\Users\ashwa\AppData\Loca..., moz:shutdownTimeout: 60000, moz:useNonSpecCompliantPointerOrigin: false, moz:webdriverClick: true, pageLoadStrategy: normal, platform: WINDOWS, platformName: WINDOWS, platformVersion: 10.0, rotatable: false, setWindowRect: true, strictFileInteractability: false, timeouts: {implicit: 0, pageLoad: 300000, script: 30000}, unhandledPromptBehavior: dismiss and notify, webdriver.remote.sessionid: 49addc7c-8f6e-4525-8ea8-7f4...}Session ID: 49addc7c-8f6e-4525-8ea8-7f4b2d97f7c8at org.openqa.selenium.remote.http.W3CHttpResponseCodec.createException(W3CHttpResponseCodec.java:187)at org.openqa.selenium.remote.http.W3CHttpResponseCodec.decode(W3CHttpResponseCodec.java:122)at org.openqa.selenium.remote.http.W3CHttpResponseCodec.decode(W3CHttpResponseCodec.java:49)at org.openqa.selenium.remote.HttpCommandExecutor.execute(HttpCommandExecutor.java:158)at org.openqa.selenium.remote.RemoteWebDriver.execute(RemoteWebDriver.java:552)at org.openqa.selenium.remote.RemoteWebElement.execute(RemoteWebElement.java:285)at org.openqa.selenium.remote.RemoteWebElement.click(RemoteWebElement.java:84)at mainpackage.SelectData.Counter(SelectData.java:68)at com.justdial.Grid.GridJustdialTest.SelectDataTest(GridJustdialTest.java:165)... Removed 29 stack frames]]>
    </failure>
  </testcase> <!-- SelectDataTest -->
</testsuite> <!-- FirefoxTest -->
