<?xml version="1.0" encoding="UTF-8"?>
<!-- Generated by org.testng.reporters.JUnitXMLReporter -->
<testsuite hostname="DESKTOP-BFS0L6V" ignored="0" name="Test" tests="6" failures="0" timestamp="09 Aug 2020 15:38:24 GMT" time="473.881" errors="0">
  <testcase name="WeblinkTest" time="24.084" classname="com.justdial.test.JustdialTest"/>
  <testcase name="CheckTitel" time="0.055" classname="com.justdial.test.JustdialTest"/>
  <testcase name="LocationSetTest" time="2.24" classname="com.justdial.test.JustdialTest"/>
  <testcase name="SearchTest" time="30.116" classname="com.justdial.test.JustdialTest"/>
  <testcase name="RattingTest" time="56.193" classname="com.justdial.test.JustdialTest"/>
  <testcase name="SelectDataTest" time="344.832" classname="com.justdial.test.JustdialTest"/>
</testsuite> <!-- Test -->
