<?xml version="1.0" encoding="UTF-8"?>
<!-- Generated by org.testng.reporters.JUnitXMLReporter -->
<testsuite hostname="DESKTOP-BFS0L6V" ignored="0" name="Test" tests="6" failures="0" timestamp="10 Aug 2020 06:18:10 GMT" time="306.304" errors="0">
  <testcase name="WeblinkTest" time="7.425" classname="com.justdial.test.JustdialTest"/>
  <testcase name="CheckTitel" time="0.113" classname="com.justdial.test.JustdialTest"/>
  <testcase name="LocationSetTest" time="1.844" classname="com.justdial.test.JustdialTest"/>
  <testcase name="SearchTest" time="29.808" classname="com.justdial.test.JustdialTest"/>
  <testcase name="RattingTest" time="28.098" classname="com.justdial.test.JustdialTest"/>
  <testcase name="SelectDataTest" time="219.686" classname="com.justdial.test.JustdialTest"/>
</testsuite> <!-- Test -->
